Using pre-set license
Built from '2021.3/staging' branch; Version is '2021.3.10f1 (1c7d0df0160b) revision 1867021'; Using compiler version '192829333'; Build Type 'Release'
OS: 'Windows 10  (10.0.19044) 64bit Core' Language: 'ko' Physical Memory: 16268 MB
BatchMode: 1, IsHumanControllingUs: 0, StartBugReporterOnCrash: 0, Is64bit: 1, IsPro: 1

COMMAND LINE ARGUMENTS:
D:\unity\2021.3.10f1\Editor\Unity.exe
-adb2
-batchMode
-noUpm
-name
AssetImportWorker0
-projectPath
D:/Wap/Game_/2022_2_Game_Team3/team-2
-logFile
Logs/AssetImportWorker0.log
-srvPort
59643
Successfully changed project path to: D:/Wap/Game_/2022_2_Game_Team3/team-2
D:/Wap/Game_/2022_2_Game_Team3/team-2
[UnityMemory] Configuration Parameters - Can be set up in boot.config
    "memorysetup-bucket-allocator-granularity=16"
    "memorysetup-bucket-allocator-bucket-count=8"
    "memorysetup-bucket-allocator-block-size=33554432"
    "memorysetup-bucket-allocator-block-count=8"
    "memorysetup-main-allocator-block-size=16777216"
    "memorysetup-thread-allocator-block-size=16777216"
    "memorysetup-gfx-main-allocator-block-size=16777216"
    "memorysetup-gfx-thread-allocator-block-size=16777216"
    "memorysetup-cache-allocator-block-size=4194304"
    "memorysetup-typetree-allocator-block-size=2097152"
    "memorysetup-profiler-bucket-allocator-granularity=16"
    "memorysetup-profiler-bucket-allocator-bucket-count=8"
    "memorysetup-profiler-bucket-allocator-block-size=33554432"
    "memorysetup-profiler-bucket-allocator-block-count=8"
    "memorysetup-profiler-allocator-block-size=16777216"
    "memorysetup-profiler-editor-allocator-block-size=1048576"
    "memorysetup-temp-allocator-size-main=16777216"
    "memorysetup-job-temp-allocator-block-size=2097152"
    "memorysetup-job-temp-allocator-block-size-background=1048576"
    "memorysetup-job-temp-allocator-reduction-small-platforms=262144"
    "memorysetup-temp-allocator-size-background-worker=32768"
    "memorysetup-temp-allocator-size-job-worker=262144"
    "memorysetup-temp-allocator-size-preload-manager=33554432"
    "memorysetup-temp-allocator-size-nav-mesh-worker=65536"
    "memorysetup-temp-allocator-size-audio-worker=65536"
    "memorysetup-temp-allocator-size-cloud-worker=32768"
    "memorysetup-temp-allocator-size-gi-baking-worker=262144"
    "memorysetup-temp-allocator-size-gfx=262144"
Refreshing native plugins compatible for Editor in 126.07 ms, found 5 plugins.
Preloading 0 native plugins for Editor in 0.00 ms.
Initialize engine version: 2021.3.10f1 (1c7d0df0160b)
[Subsystems] Discovering subsystems at path D:/unity/2021.3.10f1/Editor/Data/Resources/UnitySubsystems
[Subsystems] Discovering subsystems at path D:/Wap/Game_/2022_2_Game_Team3/team-2/Assets
GfxDevice: creating device client; threaded=0; jobified=0
Direct3D:
    Version:  Direct3D 11.0 [level 11.1]
    Renderer: NVIDIA GeForce GTX 1050 (ID=0x1c8d)
    Vendor:   NVIDIA
    VRAM:     4021 MB
    Driver:   24.21.13.9924
Initialize mono
Mono path[0] = 'D:/unity/2021.3.10f1/Editor/Data/Managed'
Mono path[1] = 'D:/unity/2021.3.10f1/Editor/Data/MonoBleedingEdge/lib/mono/unityjit-win32'
Mono config path = 'D:/unity/2021.3.10f1/Editor/Data/MonoBleedingEdge/etc'
Using monoOptions --debugger-agent=transport=dt_socket,embedding=1,server=y,suspend=n,address=127.0.0.1:56412
Begin MonoManager ReloadAssembly
Registering precompiled unity dll's ...
Register platform support module: D:/unity/2021.3.10f1/Editor/Data/PlaybackEngines/WindowsStandaloneSupport/UnityEditor.WindowsStandalone.Extensions.dll
Registered in 0.004298 seconds.
Native extension for WindowsStandalone target not found
Refreshing native plugins compatible for Editor in 124.26 ms, found 5 plugins.
Preloading 0 native plugins for Editor in 0.00 ms.
Mono: successfully reloaded assembly
- Completed reload, in  0.880 seconds
Domain Reload Profiling:
	ReloadAssembly (881ms)
		BeginReloadAssembly (93ms)
			ExecutionOrderSort (0ms)
			DisableScriptedObjects (0ms)
			BackupInstance (0ms)
			ReleaseScriptingObjects (0ms)
			CreateAndSetChildDomain (1ms)
		EndReloadAssembly (652ms)
			LoadAssemblies (91ms)
			RebuildTransferFunctionScriptingTraits (0ms)
			SetupTypeCache (149ms)
			ReleaseScriptCaches (0ms)
			RebuildScriptCaches (42ms)
			SetupLoadedEditorAssemblies (398ms)
				LogAssemblyErrors (0ms)
				InitializePlatformSupportModulesInManaged (8ms)
				SetLoadedEditorAssemblies (1ms)
				RefreshPlugins (124ms)
				BeforeProcessingInitializeOnLoad (2ms)
				ProcessInitializeOnLoadAttributes (199ms)
				ProcessInitializeOnLoadMethodAttributes (64ms)
				AfterProcessingInitializeOnLoad (0ms)
				EditorAssembliesLoaded (0ms)
			ExecutionOrderSort2 (0ms)
			AwakeInstancesAfterBackupRestoration (0ms)
Platform modules already initialized, skipping
Registering precompiled user dll's ...
Registered in 0.011811 seconds.
Begin MonoManager ReloadAssembly
Symbol file LoadedFromMemory doesn't match image D:\Wap\Game_\2022_2_Game_Team3\team-2\Library\PackageCache\com.unity.visualscripting@1.7.8\Editor\VisualScripting.Core\Dependencies\YamlDotNet\Unity.VisualScripting.YamlDotNet.dll
Symbol file LoadedFromMemory doesn't match image D:\Wap\Game_\2022_2_Game_Team3\team-2\Library\PackageCache\com.unity.visualscripting@1.7.8\Editor\VisualScripting.Core\Dependencies\DotNetZip\Unity.VisualScripting.IonicZip.dll
Native extension for WindowsStandalone target not found
Refreshing native plugins compatible for Editor in 0.97 ms, found 5 plugins.
Preloading 0 native plugins for Editor in 0.00 ms.
Mono: successfully reloaded assembly
- Completed reload, in  1.453 seconds
Domain Reload Profiling:
	ReloadAssembly (1454ms)
		BeginReloadAssembly (139ms)
			ExecutionOrderSort (0ms)
			DisableScriptedObjects (7ms)
			BackupInstance (0ms)
			ReleaseScriptingObjects (0ms)
			CreateAndSetChildDomain (25ms)
		EndReloadAssembly (1171ms)
			LoadAssemblies (94ms)
			RebuildTransferFunctionScriptingTraits (0ms)
			SetupTypeCache (365ms)
			ReleaseScriptCaches (1ms)
			RebuildScriptCaches (94ms)
			SetupLoadedEditorAssemblies (548ms)
				LogAssemblyErrors (0ms)
				InitializePlatformSupportModulesInManaged (6ms)
				SetLoadedEditorAssemblies (1ms)
				RefreshPlugins (1ms)
				BeforeProcessingInitializeOnLoad (119ms)
				ProcessInitializeOnLoadAttributes (380ms)
				ProcessInitializeOnLoadMethodAttributes (37ms)
				AfterProcessingInitializeOnLoad (5ms)
				EditorAssembliesLoaded (0ms)
			ExecutionOrderSort2 (0ms)
			AwakeInstancesAfterBackupRestoration (8ms)
Platform modules already initialized, skipping
========================================================================
Worker process is ready to serve import requests
Launched and connected shader compiler UnityShaderCompiler.exe after 0.07 seconds
Refreshing native plugins compatible for Editor in 0.87 ms, found 5 plugins.
Preloading 0 native plugins for Editor in 0.00 ms.
Unloading 3767 Unused Serialized files (Serialized files now loaded: 0)
Unloading 37 unused Assets / (1.3 MB). Loaded Objects now: 4240.
Memory consumption went from 165.4 MB to 164.1 MB.
Total: 4.395100 ms (FindLiveObjects: 0.445700 ms CreateObjectMapping: 0.427000 ms MarkObjects: 2.806600 ms  DeleteObjects: 0.714400 ms)

AssetImportParameters requested are different than current active one (requested -> active):
  custom:video-decoder-ogg-theora: a1e56fd34408186e4bbccfd4996cb3dc -> 
  custom:container-muxer-webm: aa71ff27fc2769a1b78a27578f13a17b -> 
  custom:container-demuxer-webm: 4f35f7cbe854078d1ac9338744f61a02 -> 
  custom:video-encoder-webm-vp8: eb34c28f22e8b96e1ab97ce403110664 -> 
  custom:video-codec-MediaFoundation-h265: 746d11721c4dcdbdad8f713fa42b33f4 -> 
  custom:audio-encoder-webm-vorbis: bf7c407c2cedff20999df2af8eb42d56 -> 
  custom:framework-win-MediaFoundation: 216162199b28c13a410421893ffa2e32 -> 
  custom:container-demuxer-ogg: 62fdf1f143b41e24485cea50d1cbac27 -> 
  custom:video-decoder-webm-vp8: 9c59270c3fd7afecdb556c50c9e8de78 -> 
  custom:audio-decoder-ogg-vorbis: bf7c407c2cedff20999df2af8eb42d56 -> 
========================================================================
Received Import Request.
  Time since last request: 6321.188461 seconds.
  path: Assets/Assets/Assets_Store/Flooded_Grounds/Prefabs/Buildings/Structures1/Struct_ExtStairs_A.prefab
  artifactKey: Guid(6eccd71b097c68b4589973bf20a0e8e3) Importer(815301076,1909f56bfc062723c751e8b465ee728b)
Start importing Assets/Assets/Assets_Store/Flooded_Grounds/Prefabs/Buildings/Structures1/Struct_ExtStairs_A.prefab using Guid(6eccd71b097c68b4589973bf20a0e8e3) Importer(815301076,1909f56bfc062723c751e8b465ee728b)  -> (artifact id: '759f6892c714c0a1becd077ac8ac217e') in 0.375281 seconds 
========================================================================
Received Import Request.
  Time since last request: 223.669754 seconds.
  path: Assets/Assets/Assets_Store/Flooded_Grounds/Prefabs/Buildings/Churches/Church1_Base_Stairs_A.prefab
  artifactKey: Guid(2808d115c4ff0204e9ba7859b1ba3ec9) Importer(815301076,1909f56bfc062723c751e8b465ee728b)
Start importing Assets/Assets/Assets_Store/Flooded_Grounds/Prefabs/Buildings/Churches/Church1_Base_Stairs_A.prefab using Guid(2808d115c4ff0204e9ba7859b1ba3ec9) Importer(815301076,1909f56bfc062723c751e8b465ee728b)  -> (artifact id: '2f0b7117e0f453ff51afb8dc25680f39') in 0.143350 seconds 
========================================================================
Received Import Request.
  Time since last request: 3.314925 seconds.
  path: Assets/Assets/Assets_Store/Flooded_Grounds/Prefabs/Buildings/Churches/Church1_Base_Stairs_A.prefab
  artifactKey: Guid(2808d115c4ff0204e9ba7859b1ba3ec9) Importer(815301076,1909f56bfc062723c751e8b465ee728b)
Start importing Assets/Assets/Assets_Store/Flooded_Grounds/Prefabs/Buildings/Churches/Church1_Base_Stairs_A.prefab using Guid(2808d115c4ff0204e9ba7859b1ba3ec9) Importer(815301076,1909f56bfc062723c751e8b465ee728b)  -> (artifact id: '7b26a6ed7dd17531f9de01be8f595975') in 0.073792 seconds 
========================================================================
Received Import Request.
  Time since last request: 2.322016 seconds.
  path: Assets/Assets/Assets_Store/Flooded_Grounds/Prefabs/Buildings/Churches/Church1_Base_Stairs_A.prefab
  artifactKey: Guid(2808d115c4ff0204e9ba7859b1ba3ec9) Importer(815301076,1909f56bfc062723c751e8b465ee728b)
Start importing Assets/Assets/Assets_Store/Flooded_Grounds/Prefabs/Buildings/Churches/Church1_Base_Stairs_A.prefab using Guid(2808d115c4ff0204e9ba7859b1ba3ec9) Importer(815301076,1909f56bfc062723c751e8b465ee728b)  -> (artifact id: 'e599e6d8390ae450abd8b5cd028113dc') in 0.061293 seconds 
========================================================================
Received Import Request.
  Time since last request: 0.400479 seconds.
  path: Assets/Assets/Assets_Store/Flooded_Grounds/Prefabs/Buildings/Churches/Church1_Base_Stairs_A.prefab
  artifactKey: Guid(2808d115c4ff0204e9ba7859b1ba3ec9) Importer(815301076,1909f56bfc062723c751e8b465ee728b)
Start importing Assets/Assets/Assets_Store/Flooded_Grounds/Prefabs/Buildings/Churches/Church1_Base_Stairs_A.prefab using Guid(2808d115c4ff0204e9ba7859b1ba3ec9) Importer(815301076,1909f56bfc062723c751e8b465ee728b)  -> (artifact id: 'c23898f74b92bbb9a71a5060492d14e8') in 0.055046 seconds 
========================================================================
Received Import Request.
  Time since last request: 2.777256 seconds.
  path: Assets/Assets/Assets_Store/Flooded_Grounds/Prefabs/Buildings/Churches/Church1_Base_Stairs_A.prefab
  artifactKey: Guid(2808d115c4ff0204e9ba7859b1ba3ec9) Importer(815301076,1909f56bfc062723c751e8b465ee728b)
Start importing Assets/Assets/Assets_Store/Flooded_Grounds/Prefabs/Buildings/Churches/Church1_Base_Stairs_A.prefab using Guid(2808d115c4ff0204e9ba7859b1ba3ec9) Importer(815301076,1909f56bfc062723c751e8b465ee728b)  -> (artifact id: 'fe71e47bf8b159148756c9859a62d3cb') in 0.058656 seconds 
========================================================================
Received Import Request.
  Time since last request: 1.441189 seconds.
  path: Assets/Assets/Assets_Store/Flooded_Grounds/Prefabs/Buildings/Churches/Church1_Base_Stairs_A.prefab
  artifactKey: Guid(2808d115c4ff0204e9ba7859b1ba3ec9) Importer(815301076,1909f56bfc062723c751e8b465ee728b)
Start importing Assets/Assets/Assets_Store/Flooded_Grounds/Prefabs/Buildings/Churches/Church1_Base_Stairs_A.prefab using Guid(2808d115c4ff0204e9ba7859b1ba3ec9) Importer(815301076,1909f56bfc062723c751e8b465ee728b)  -> (artifact id: 'a3e351941bac493b3ae4bbc434a7c79f') in 0.060475 seconds 
========================================================================
Received Import Request.
  Time since last request: 33.819946 seconds.
  path: Assets/Assets/Assets_Store/Flooded_Grounds/Prefabs/Buildings/IndBuilding1/IndBuilding1_Base_Stairs.prefab
  artifactKey: Guid(844d555ff5b93b246b2e27f48bc4732f) Importer(815301076,1909f56bfc062723c751e8b465ee728b)
Start importing Assets/Assets/Assets_Store/Flooded_Grounds/Prefabs/Buildings/IndBuilding1/IndBuilding1_Base_Stairs.prefab using Guid(844d555ff5b93b246b2e27f48bc4732f) Importer(815301076,1909f56bfc062723c751e8b465ee728b)  -> (artifact id: 'a2f4acc721a9991ed0f43e00d3f7b448') in 0.112497 seconds 
========================================================================
Received Import Request.
  Time since last request: 3.492186 seconds.
  path: Assets/Assets/Assets_Store/Flooded_Grounds/Prefabs/Buildings/IndBuilding1/IndBuilding1_Base_Stairs.prefab
  artifactKey: Guid(844d555ff5b93b246b2e27f48bc4732f) Importer(815301076,1909f56bfc062723c751e8b465ee728b)
Start importing Assets/Assets/Assets_Store/Flooded_Grounds/Prefabs/Buildings/IndBuilding1/IndBuilding1_Base_Stairs.prefab using Guid(844d555ff5b93b246b2e27f48bc4732f) Importer(815301076,1909f56bfc062723c751e8b465ee728b)  -> (artifact id: '7459f455931d719ad94a695cab7b1ff2') in 0.070460 seconds 
========================================================================
Received Import Request.
  Time since last request: 4.112795 seconds.
  path: Assets/Assets/Assets_Store/Flooded_Grounds/Prefabs/Buildings/IndBuilding1/IndBuilding1_Base_Stairs.prefab
  artifactKey: Guid(844d555ff5b93b246b2e27f48bc4732f) Importer(815301076,1909f56bfc062723c751e8b465ee728b)
Start importing Assets/Assets/Assets_Store/Flooded_Grounds/Prefabs/Buildings/IndBuilding1/IndBuilding1_Base_Stairs.prefab using Guid(844d555ff5b93b246b2e27f48bc4732f) Importer(815301076,1909f56bfc062723c751e8b465ee728b)  -> (artifact id: 'd315d41630f818073b9bda56918d60e4') in 0.069778 seconds 
========================================================================
Received Import Request.
  Time since last request: 0.857869 seconds.
  path: Assets/Assets/Assets_Store/Flooded_Grounds/Prefabs/Buildings/IndBuilding1/IndBuilding1_Base_Stairs.prefab
  artifactKey: Guid(844d555ff5b93b246b2e27f48bc4732f) Importer(815301076,1909f56bfc062723c751e8b465ee728b)
Start importing Assets/Assets/Assets_Store/Flooded_Grounds/Prefabs/Buildings/IndBuilding1/IndBuilding1_Base_Stairs.prefab using Guid(844d555ff5b93b246b2e27f48bc4732f) Importer(815301076,1909f56bfc062723c751e8b465ee728b)  -> (artifact id: '50235626aa129c2a7f5223f3a819bcc7') in 0.062128 seconds 
========================================================================
Received Import Request.
  Time since last request: 2.112079 seconds.
  path: Assets/Assets/Assets_Store/Flooded_Grounds/Prefabs/Buildings/IndBuilding1/IndBuilding1_Base_Stairs.prefab
  artifactKey: Guid(844d555ff5b93b246b2e27f48bc4732f) Importer(815301076,1909f56bfc062723c751e8b465ee728b)
Start importing Assets/Assets/Assets_Store/Flooded_Grounds/Prefabs/Buildings/IndBuilding1/IndBuilding1_Base_Stairs.prefab using Guid(844d555ff5b93b246b2e27f48bc4732f) Importer(815301076,1909f56bfc062723c751e8b465ee728b)  -> (artifact id: '7cd61bbcc775262c7b9cacb1b5a4f9f3') in 0.063010 seconds 
========================================================================
Received Import Request.
  Time since last request: 0.526862 seconds.
  path: Assets/Assets/Assets_Store/Flooded_Grounds/Prefabs/Buildings/IndBuilding1/IndBuilding1_Base_Stairs.prefab
  artifactKey: Guid(844d555ff5b93b246b2e27f48bc4732f) Importer(815301076,1909f56bfc062723c751e8b465ee728b)
Start importing Assets/Assets/Assets_Store/Flooded_Grounds/Prefabs/Buildings/IndBuilding1/IndBuilding1_Base_Stairs.prefab using Guid(844d555ff5b93b246b2e27f48bc4732f) Importer(815301076,1909f56bfc062723c751e8b465ee728b)  -> (artifact id: '48b7d0ff58829809a0ac4bca8bbdbebf') in 0.064036 seconds 
========================================================================
Received Import Request.
  Time since last request: 3.148033 seconds.
  path: Assets/Assets/Assets_Store/Flooded_Grounds/Prefabs/Buildings/IndBuilding1/IndBuilding1_Base_Stairs.prefab
  artifactKey: Guid(844d555ff5b93b246b2e27f48bc4732f) Importer(815301076,1909f56bfc062723c751e8b465ee728b)
Start importing Assets/Assets/Assets_Store/Flooded_Grounds/Prefabs/Buildings/IndBuilding1/IndBuilding1_Base_Stairs.prefab using Guid(844d555ff5b93b246b2e27f48bc4732f) Importer(815301076,1909f56bfc062723c751e8b465ee728b)  -> (artifact id: 'c0be9cffa905b48e93c334d04670a736') in 0.077749 seconds 
========================================================================
Received Prepare
Registering precompiled user dll's ...
Registered in 0.010497 seconds.
Begin MonoManager ReloadAssembly
Symbol file LoadedFromMemory doesn't match image D:\Wap\Game_\2022_2_Game_Team3\team-2\Library\PackageCache\com.unity.visualscripting@1.7.8\Editor\VisualScripting.Core\Dependencies\YamlDotNet\Unity.VisualScripting.YamlDotNet.dll
Symbol file LoadedFromMemory doesn't match image D:\Wap\Game_\2022_2_Game_Team3\team-2\Library\PackageCache\com.unity.visualscripting@1.7.8\Editor\VisualScripting.Core\Dependencies\DotNetZip\Unity.VisualScripting.IonicZip.dll
Native extension for WindowsStandalone target not found
Refreshing native plugins compatible for Editor in 0.85 ms, found 5 plugins.
Preloading 0 native plugins for Editor in 0.00 ms.
Mono: successfully reloaded assembly
- Completed reload, in  1.320 seconds
Domain Reload Profiling:
	ReloadAssembly (1321ms)
		BeginReloadAssembly (168ms)
			ExecutionOrderSort (0ms)
			DisableScriptedObjects (7ms)
			BackupInstance (0ms)
			ReleaseScriptingObjects (0ms)
			CreateAndSetChildDomain (48ms)
		EndReloadAssembly (1030ms)
			LoadAssemblies (108ms)
			RebuildTransferFunctionScriptingTraits (0ms)
			SetupTypeCache (368ms)
			ReleaseScriptCaches (2ms)
			RebuildScriptCaches (60ms)
			SetupLoadedEditorAssemblies (438ms)
				LogAssemblyErrors (0ms)
				InitializePlatformSupportModulesInManaged (16ms)
				SetLoadedEditorAssemblies (1ms)
				RefreshPlugins (1ms)
				BeforeProcessingInitializeOnLoad (89ms)
				ProcessInitializeOnLoadAttributes (289ms)
				ProcessInitializeOnLoadMethodAttributes (38ms)
				AfterProcessingInitializeOnLoad (4ms)
				EditorAssembliesLoaded (0ms)
			ExecutionOrderSort2 (0ms)
			AwakeInstancesAfterBackupRestoration (9ms)
Platform modules already initialized, skipping
Refreshing native plugins compatible for Editor in 5.18 ms, found 5 plugins.
Preloading 0 native plugins for Editor in 0.00 ms.
Unloading 3705 Unused Serialized files (Serialized files now loaded: 0)
Unloading 30 unused Assets / (1.3 MB). Loaded Objects now: 4251.
Memory consumption went from 163.9 MB to 162.6 MB.
Total: 4.453500 ms (FindLiveObjects: 0.404600 ms CreateObjectMapping: 0.286500 ms MarkObjects: 3.182200 ms  DeleteObjects: 0.578400 ms)

AssetImportParameters requested are different than current active one (requested -> active):
  custom:video-decoder-ogg-theora: a1e56fd34408186e4bbccfd4996cb3dc -> 
  custom:container-muxer-webm: aa71ff27fc2769a1b78a27578f13a17b -> 
  custom:container-demuxer-webm: 4f35f7cbe854078d1ac9338744f61a02 -> 
  custom:video-encoder-webm-vp8: eb34c28f22e8b96e1ab97ce403110664 -> 
  custom:video-codec-MediaFoundation-h265: 746d11721c4dcdbdad8f713fa42b33f4 -> 
  custom:audio-encoder-webm-vorbis: bf7c407c2cedff20999df2af8eb42d56 -> 
  custom:framework-win-MediaFoundation: 216162199b28c13a410421893ffa2e32 -> 
  custom:container-demuxer-ogg: 62fdf1f143b41e24485cea50d1cbac27 -> 
  custom:video-decoder-webm-vp8: 9c59270c3fd7afecdb556c50c9e8de78 -> 
  custom:audio-decoder-ogg-vorbis: bf7c407c2cedff20999df2af8eb42d56 -> 
========================================================================
Received Import Request.
  Time since last request: 197.606624 seconds.
  path: Assets/Assets/Assets_Store/Flooded_Grounds/Content/Meshes/mBuildings/mIndBuilding1/IndBuilding1_Base_Cor_A.fbx
  artifactKey: Guid(53315c10acc304a4299be988e799a78b) Importer(815301076,1909f56bfc062723c751e8b465ee728b)
Start importing Assets/Assets/Assets_Store/Flooded_Grounds/Content/Meshes/mBuildings/mIndBuilding1/IndBuilding1_Base_Cor_A.fbx using Guid(53315c10acc304a4299be988e799a78b) Importer(815301076,1909f56bfc062723c751e8b465ee728b)  -> (artifact id: '4db3a5934086a1c214adb15adab4c9d0') in 0.322049 seconds 
========================================================================
Received Import Request.
  Time since last request: 0.000025 seconds.
  path: Assets/Assets/Assets_Store/Flooded_Grounds/Content/Meshes/mBuildings/mIndBuilding1/IndBuilding1_Base_Mid_A.fbx
  artifactKey: Guid(6abd91808b5cc3c4392a9391849a70b8) Importer(815301076,1909f56bfc062723c751e8b465ee728b)
Start importing Assets/Assets/Assets_Store/Flooded_Grounds/Content/Meshes/mBuildings/mIndBuilding1/IndBuilding1_Base_Mid_A.fbx using Guid(6abd91808b5cc3c4392a9391849a70b8) Importer(815301076,1909f56bfc062723c751e8b465ee728b)  -> (artifact id: 'c818970c5146260ae957f2649708968c') in 0.079097 seconds 
========================================================================
Received Import Request.
  Time since last request: 0.000032 seconds.
  path: Assets/Assets/Assets_Store/Flooded_Grounds/Content/Meshes/mBuildings/mIndBuilding1/IndBuilding1_Top_Cor_A.fbx
  artifactKey: Guid(7cc751b4f8c439d4ba7ea28aa8fb3a1c) Importer(815301076,1909f56bfc062723c751e8b465ee728b)
Start importing Assets/Assets/Assets_Store/Flooded_Grounds/Content/Meshes/mBuildings/mIndBuilding1/IndBuilding1_Top_Cor_A.fbx using Guid(7cc751b4f8c439d4ba7ea28aa8fb3a1c) Importer(815301076,1909f56bfc062723c751e8b465ee728b)  -> (artifact id: '1dc2078c45313dcd34d35580e83b034c') in 0.037606 seconds 
========================================================================
Received Import Request.
  Time since last request: 0.000025 seconds.
  path: Assets/Assets/Assets_Store/Flooded_Grounds/Content/Meshes/mBuildings/mIndBuilding1/IndBuilding1_Wall_Mid_C.fbx
  artifactKey: Guid(5e91dc0978adeeb4cb1e9a947beb45ab) Importer(815301076,1909f56bfc062723c751e8b465ee728b)
Start importing Assets/Assets/Assets_Store/Flooded_Grounds/Content/Meshes/mBuildings/mIndBuilding1/IndBuilding1_Wall_Mid_C.fbx using Guid(5e91dc0978adeeb4cb1e9a947beb45ab) Importer(815301076,1909f56bfc062723c751e8b465ee728b)  -> (artifact id: 'e2f543c393d26d863cc14706e5da1bbb') in 0.033775 seconds 
========================================================================
Received Import Request.
  Time since last request: 0.000033 seconds.
  path: Assets/Assets/Assets_Store/Flooded_Grounds/Content/Meshes/mBuildings/mIndBuilding1/IndBuilding1_Wall_Cor_A.fbx
  artifactKey: Guid(37d91a4351675e94bb7bf7a5eec9cde0) Importer(815301076,1909f56bfc062723c751e8b465ee728b)
Start importing Assets/Assets/Assets_Store/Flooded_Grounds/Content/Meshes/mBuildings/mIndBuilding1/IndBuilding1_Wall_Cor_A.fbx using Guid(37d91a4351675e94bb7bf7a5eec9cde0) Importer(815301076,1909f56bfc062723c751e8b465ee728b)  -> (artifact id: '2fd5e92523bc08cba505a6a035d752b6') in 0.062230 seconds 
========================================================================
Received Import Request.
  Time since last request: 0.000025 seconds.
  path: Assets/Assets/Assets_Store/Flooded_Grounds/Content/Meshes/mBuildings/mIndBuilding1/IndBuilding1_Wall_Mid_B.fbx
  artifactKey: Guid(ae55ec5edbd9ef940828a318e1f13d67) Importer(815301076,1909f56bfc062723c751e8b465ee728b)
Start importing Assets/Assets/Assets_Store/Flooded_Grounds/Content/Meshes/mBuildings/mIndBuilding1/IndBuilding1_Wall_Mid_B.fbx using Guid(ae55ec5edbd9ef940828a318e1f13d67) Importer(815301076,1909f56bfc062723c751e8b465ee728b)  -> (artifact id: '0caac660d95c7afe82a473d7b342b657') in 0.034857 seconds 
========================================================================
Received Import Request.
  Time since last request: 0.000096 seconds.
  path: Assets/Assets/Assets_Store/Flooded_Grounds/Content/Meshes/mBuildings/mIndBuilding1/IndBuilding1_Deco_WindowGlass_A.fbx
  artifactKey: Guid(8793e85ed0a83fb4280277933d572675) Importer(815301076,1909f56bfc062723c751e8b465ee728b)
Start importing Assets/Assets/Assets_Store/Flooded_Grounds/Content/Meshes/mBuildings/mIndBuilding1/IndBuilding1_Deco_WindowGlass_A.fbx using Guid(8793e85ed0a83fb4280277933d572675) Importer(815301076,1909f56bfc062723c751e8b465ee728b)  -> (artifact id: '58596e382f483bf9ad9ae4a65a2215cd') in 0.092702 seconds 
========================================================================
Received Import Request.
  Time since last request: 0.000032 seconds.
  path: Assets/Assets/Assets_Store/Flooded_Grounds/Content/Meshes/mBuildings/mIndBuilding1/IndBuilding1_IntStairs_A_COL.fbx
  artifactKey: Guid(12bd36b88d9090c4d9915013adb0d582) Importer(815301076,1909f56bfc062723c751e8b465ee728b)
Start importing Assets/Assets/Assets_Store/Flooded_Grounds/Content/Meshes/mBuildings/mIndBuilding1/IndBuilding1_IntStairs_A_COL.fbx using Guid(12bd36b88d9090c4d9915013adb0d582) Importer(815301076,1909f56bfc062723c751e8b465ee728b)  -> (artifact id: '9a80f7c1a00a43bfa409e549a4fd5260') in 0.037491 seconds 
========================================================================
Received Import Request.
  Time since last request: 0.000035 seconds.
  path: Assets/Assets/Assets_Store/Flooded_Grounds/Content/Meshes/mBuildings/mIndBuilding1/IndBuilding1_Roof_Mid_A_4x.fbx
  artifactKey: Guid(9a89e08d03f8cae4b9892be5973cd34c) Importer(815301076,1909f56bfc062723c751e8b465ee728b)
Start importing Assets/Assets/Assets_Store/Flooded_Grounds/Content/Meshes/mBuildings/mIndBuilding1/IndBuilding1_Roof_Mid_A_4x.fbx using Guid(9a89e08d03f8cae4b9892be5973cd34c) Importer(815301076,1909f56bfc062723c751e8b465ee728b)  -> (artifact id: '0747611362cfbd4537fb413405d386f6') in 0.032784 seconds 
========================================================================
Received Import Request.
  Time since last request: 0.000143 seconds.
  path: Assets/Assets/Assets_Store/Flooded_Grounds/Content/Meshes/mBuildings/mIndBuilding1/Indbuilding1_Door_A.fbx
  artifactKey: Guid(8610ede41c464044a9665db06f599c65) Importer(815301076,1909f56bfc062723c751e8b465ee728b)
Start importing Assets/Assets/Assets_Store/Flooded_Grounds/Content/Meshes/mBuildings/mIndBuilding1/Indbuilding1_Door_A.fbx using Guid(8610ede41c464044a9665db06f599c65) Importer(815301076,1909f56bfc062723c751e8b465ee728b)  -> (artifact id: '275f54796bb2c3d7b6d01d92eee65e6b') in 0.047240 seconds 
========================================================================
Received Import Request.
  Time since last request: 0.000026 seconds.
  path: Assets/Assets/Assets_Store/Flooded_Grounds/Content/Meshes/mBuildings/mIndBuilding1/IndBuilding1_Roof_Mid_A.fbx
  artifactKey: Guid(9be033ce15ba54a4d98378d16730bf22) Importer(815301076,1909f56bfc062723c751e8b465ee728b)
Start importing Assets/Assets/Assets_Store/Flooded_Grounds/Content/Meshes/mBuildings/mIndBuilding1/IndBuilding1_Roof_Mid_A.fbx using Guid(9be033ce15ba54a4d98378d16730bf22) Importer(815301076,1909f56bfc062723c751e8b465ee728b)  -> (artifact id: '47989cad8cd5fd243d6938f525481a80') in 0.034845 seconds 
========================================================================
Received Import Request.
  Time since last request: 0.000023 seconds.
  path: Assets/Assets/Assets_Store/Flooded_Grounds/Content/Meshes/mBuildings/mIndBuilding1/IndBuilding1_Deco_Handrail_Cor_A_COL.fbx
  artifactKey: Guid(dcfdf3610a3dca945a5224d2a54fb916) Importer(815301076,1909f56bfc062723c751e8b465ee728b)
Start importing Assets/Assets/Assets_Store/Flooded_Grounds/Content/Meshes/mBuildings/mIndBuilding1/IndBuilding1_Deco_Handrail_Cor_A_COL.fbx using Guid(dcfdf3610a3dca945a5224d2a54fb916) Importer(815301076,1909f56bfc062723c751e8b465ee728b)  -> (artifact id: '49f282cbdac53252d6ef809e2176017d') in 0.066628 seconds 
========================================================================
Received Import Request.
  Time since last request: 0.000026 seconds.
  path: Assets/Assets/Assets_Store/Flooded_Grounds/Content/Meshes/mBuildings/mIndBuilding1/IndBuilding1_Deco_Handrail_Mid_A.fbx
  artifactKey: Guid(6895fad8436220440bb373de7ebc170d) Importer(815301076,1909f56bfc062723c751e8b465ee728b)
Start importing Assets/Assets/Assets_Store/Flooded_Grounds/Content/Meshes/mBuildings/mIndBuilding1/IndBuilding1_Deco_Handrail_Mid_A.fbx using Guid(6895fad8436220440bb373de7ebc170d) Importer(815301076,1909f56bfc062723c751e8b465ee728b)  -> (artifact id: 'fed6903c493262bc1d5736e2d5d519b3') in 0.035795 seconds 
========================================================================
Received Import Request.
  Time since last request: 0.000031 seconds.
  path: Assets/Assets/Assets_Store/Flooded_Grounds/Content/Meshes/mBuildings/mIndBuilding1/IndBuilding1_Floor_Mid_A.fbx
  artifactKey: Guid(6310ba51076eae64eb0f6d3b82cc6990) Importer(815301076,1909f56bfc062723c751e8b465ee728b)
Start importing Assets/Assets/Assets_Store/Flooded_Grounds/Content/Meshes/mBuildings/mIndBuilding1/IndBuilding1_Floor_Mid_A.fbx using Guid(6310ba51076eae64eb0f6d3b82cc6990) Importer(815301076,1909f56bfc062723c751e8b465ee728b)  -> (artifact id: '94cb900d5da611f9f11da2e368bd23ce') in 0.041917 seconds 
========================================================================
Received Import Request.
  Time since last request: 0.003400 seconds.
  path: Assets/Assets/Assets_Store/Flooded_Grounds/Content/Meshes/mBuildings/mIndBuilding1/IndBuilding1_Deco_Column_Mid.fbx
  artifactKey: Guid(62d83d3d48cd5f64c952f2f39c31bcd6) Importer(815301076,1909f56bfc062723c751e8b465ee728b)
Start importing Assets/Assets/Assets_Store/Flooded_Grounds/Content/Meshes/mBuildings/mIndBuilding1/IndBuilding1_Deco_Column_Mid.fbx using Guid(62d83d3d48cd5f64c952f2f39c31bcd6) Importer(815301076,1909f56bfc062723c751e8b465ee728b)  -> (artifact id: '9aa383401b43c3f5dffc3852c12239fa') in 0.056219 seconds 
========================================================================
Received Import Request.
  Time since last request: 0.000023 seconds.
  path: Assets/Assets/Assets_Store/Flooded_Grounds/Content/Meshes/mBuildings/mIndBuilding1/IndBuilding1_Deco_IntColumn_Mid.fbx
  artifactKey: Guid(92b4903c992f04e46b7c2be84d2126e8) Importer(815301076,1909f56bfc062723c751e8b465ee728b)
Start importing Assets/Assets/Assets_Store/Flooded_Grounds/Content/Meshes/mBuildings/mIndBuilding1/IndBuilding1_Deco_IntColumn_Mid.fbx using Guid(92b4903c992f04e46b7c2be84d2126e8) Importer(815301076,1909f56bfc062723c751e8b465ee728b)  -> (artifact id: '45936ecb5b4cecaf3b091820198183f5') in 0.037988 seconds 
========================================================================
Received Import Request.
  Time since last request: 0.000025 seconds.
  path: Assets/Assets/Assets_Store/Flooded_Grounds/Content/Meshes/mBuildings/mIndBuilding1/IndBuilding1_IntStairs_A.fbx
  artifactKey: Guid(82ccc92dff1f93b4c9267bd790298b0c) Importer(815301076,1909f56bfc062723c751e8b465ee728b)
Start importing Assets/Assets/Assets_Store/Flooded_Grounds/Content/Meshes/mBuildings/mIndBuilding1/IndBuilding1_IntStairs_A.fbx using Guid(82ccc92dff1f93b4c9267bd790298b0c) Importer(815301076,1909f56bfc062723c751e8b465ee728b)  -> (artifact id: '4eab353884b05fd1170027d528ef919f') in 0.033821 seconds 
========================================================================
Received Import Request.
  Time since last request: 0.000034 seconds.
  path: Assets/Assets/Assets_Store/Flooded_Grounds/Content/Meshes/mBuildings/mIndBuilding1/IndBuilding1_Wall_Mid_D.fbx
  artifactKey: Guid(6080293385a3d184a9ab5e25fe3ab947) Importer(815301076,1909f56bfc062723c751e8b465ee728b)
Start importing Assets/Assets/Assets_Store/Flooded_Grounds/Content/Meshes/mBuildings/mIndBuilding1/IndBuilding1_Wall_Mid_D.fbx using Guid(6080293385a3d184a9ab5e25fe3ab947) Importer(815301076,1909f56bfc062723c751e8b465ee728b)  -> (artifact id: '7fef6df4ee6e10147670e0bbf180e689') in 0.037557 seconds 
========================================================================
Received Import Request.
  Time since last request: 0.001962 seconds.
  path: Assets/Assets/Assets_Store/Flooded_Grounds/Content/Meshes/mBuildings/mIndBuilding1/IndBuilding1_Ext_A_COL.fbx
  artifactKey: Guid(1610de2cbbc29e14e8f305552fb5ecae) Importer(815301076,1909f56bfc062723c751e8b465ee728b)
Start importing Assets/Assets/Assets_Store/Flooded_Grounds/Content/Meshes/mBuildings/mIndBuilding1/IndBuilding1_Ext_A_COL.fbx using Guid(1610de2cbbc29e14e8f305552fb5ecae) Importer(815301076,1909f56bfc062723c751e8b465ee728b)  -> (artifact id: 'f41518578e87c21b9bab00f8a0ee23d5') in 0.043250 seconds 
========================================================================
Received Import Request.
  Time since last request: 0.000429 seconds.
  path: Assets/Assets/Assets_Store/Flooded_Grounds/Content/Meshes/mBuildings/mIndBuilding1/IndBuilding1_Deco_Column_Top.fbx
  artifactKey: Guid(bd3e2badff96c274abd9c594596fd1f0) Importer(815301076,1909f56bfc062723c751e8b465ee728b)
Start importing Assets/Assets/Assets_Store/Flooded_Grounds/Content/Meshes/mBuildings/mIndBuilding1/IndBuilding1_Deco_Column_Top.fbx using Guid(bd3e2badff96c274abd9c594596fd1f0) Importer(815301076,1909f56bfc062723c751e8b465ee728b)  -> (artifact id: '089c420dc7d2fa74e5834b481b6874f5') in 0.038575 seconds 
========================================================================
Received Import Request.
  Time since last request: 0.000032 seconds.
  path: Assets/Assets/Assets_Store/Flooded_Grounds/Content/Meshes/mBuildings/mIndBuilding1/IndBuilding1_Deco_Column_Base.fbx
  artifactKey: Guid(769de98d64e118c41bd1d3a37b0c995c) Importer(815301076,1909f56bfc062723c751e8b465ee728b)
Start importing Assets/Assets/Assets_Store/Flooded_Grounds/Content/Meshes/mBuildings/mIndBuilding1/IndBuilding1_Deco_Column_Base.fbx using Guid(769de98d64e118c41bd1d3a37b0c995c) Importer(815301076,1909f56bfc062723c751e8b465ee728b)  -> (artifact id: '585bac3fc34752ad7f5ff41b709a27fe') in 0.036215 seconds 
========================================================================
Received Import Request.
  Time since last request: 0.000028 seconds.
  path: Assets/Assets/Assets_Store/Flooded_Grounds/Content/Meshes/mBuildings/mIndBuilding1/IndBuilding1_Deco_IntColumn_Top.fbx
  artifactKey: Guid(4beb4b1a8e2cc064390764cd8024915b) Importer(815301076,1909f56bfc062723c751e8b465ee728b)
Start importing Assets/Assets/Assets_Store/Flooded_Grounds/Content/Meshes/mBuildings/mIndBuilding1/IndBuilding1_Deco_IntColumn_Top.fbx using Guid(4beb4b1a8e2cc064390764cd8024915b) Importer(815301076,1909f56bfc062723c751e8b465ee728b)  -> (artifact id: 'bf37ee6ca6579665d9bf895c88357788') in 0.053167 seconds 
========================================================================
Received Import Request.
  Time since last request: 0.008452 seconds.
  path: Assets/Assets/Assets_Store/Flooded_Grounds/Content/Meshes/mBuildings/mIndBuilding1/IndBuilding1_Floor_Mid_A_4x.fbx
  artifactKey: Guid(74f5de330ab795047a58eff61dc2d7a9) Importer(815301076,1909f56bfc062723c751e8b465ee728b)
Start importing Assets/Assets/Assets_Store/Flooded_Grounds/Content/Meshes/mBuildings/mIndBuilding1/IndBuilding1_Floor_Mid_A_4x.fbx using Guid(74f5de330ab795047a58eff61dc2d7a9) Importer(815301076,1909f56bfc062723c751e8b465ee728b)  -> (artifact id: 'e01763d865a97f35fec3cba3ffd26a4a') in 0.118749 seconds 
========================================================================
Received Import Request.
  Time since last request: 0.001374 seconds.
  path: Assets/Assets/Assets_Store/Flooded_Grounds/Content/Meshes/mBuildings/mIndBuilding1/IndBuilding1_Top_Mid_A.fbx
  artifactKey: Guid(1f32cfe42957f2248832dfe36ec4ed4a) Importer(815301076,1909f56bfc062723c751e8b465ee728b)
Start importing Assets/Assets/Assets_Store/Flooded_Grounds/Content/Meshes/mBuildings/mIndBuilding1/IndBuilding1_Top_Mid_A.fbx using Guid(1f32cfe42957f2248832dfe36ec4ed4a) Importer(815301076,1909f56bfc062723c751e8b465ee728b)  -> (artifact id: '4bcee1aceb8f152674568db7bb764ba6') in 0.057516 seconds 
========================================================================
Received Import Request.
  Time since last request: 0.000030 seconds.
  path: Assets/Assets/Assets_Store/Flooded_Grounds/Content/Meshes/mBuildings/mIndBuilding1/IndBuilding1_Deco_Handrail_Cor_A.fbx
  artifactKey: Guid(69eaa02892a5e4540a925cc496b688b6) Importer(815301076,1909f56bfc062723c751e8b465ee728b)
Start importing Assets/Assets/Assets_Store/Flooded_Grounds/Content/Meshes/mBuildings/mIndBuilding1/IndBuilding1_Deco_Handrail_Cor_A.fbx using Guid(69eaa02892a5e4540a925cc496b688b6) Importer(815301076,1909f56bfc062723c751e8b465ee728b)  -> (artifact id: 'cbe491915fbff5ef10c12e516861c3d1') in 0.031035 seconds 
========================================================================
Received Import Request.
  Time since last request: 0.000036 seconds.
  path: Assets/Assets/Assets_Store/Flooded_Grounds/Content/Meshes/mBuildings/mIndBuilding1/IndBuilding1_Wall_Int_A.fbx
  artifactKey: Guid(e91c6e54515ba1046b0f6b5b8bba059c) Importer(815301076,1909f56bfc062723c751e8b465ee728b)
Start importing Assets/Assets/Assets_Store/Flooded_Grounds/Content/Meshes/mBuildings/mIndBuilding1/IndBuilding1_Wall_Int_A.fbx using Guid(e91c6e54515ba1046b0f6b5b8bba059c) Importer(815301076,1909f56bfc062723c751e8b465ee728b)  -> (artifact id: 'c6170d384a9a1724bc3014f87495dc0d') in 0.032375 seconds 
========================================================================
Received Import Request.
  Time since last request: 0.000035 seconds.
  path: Assets/Assets/Assets_Store/Flooded_Grounds/Content/Meshes/mBuildings/mIndBuilding1/IndBuilding1_Base_Stairs.fbx
  artifactKey: Guid(8928ea219648ade4e90e9ca2b1502e0e) Importer(815301076,1909f56bfc062723c751e8b465ee728b)
Start importing Assets/Assets/Assets_Store/Flooded_Grounds/Content/Meshes/mBuildings/mIndBuilding1/IndBuilding1_Base_Stairs.fbx using Guid(8928ea219648ade4e90e9ca2b1502e0e) Importer(815301076,1909f56bfc062723c751e8b465ee728b)  -> (artifact id: 'e85043ef10f6fa16f1c342b9b655cc2e') in 0.030122 seconds 
========================================================================
Received Import Request.
  Time since last request: 0.000025 seconds.
  path: Assets/Assets/Assets_Store/Flooded_Grounds/Content/Meshes/mBuildings/mIndBuilding1/IndBuilding1_Deco_IntColumn_Base.fbx
  artifactKey: Guid(48b63d50975af354886c8c4294099cfc) Importer(815301076,1909f56bfc062723c751e8b465ee728b)
Start importing Assets/Assets/Assets_Store/Flooded_Grounds/Content/Meshes/mBuildings/mIndBuilding1/IndBuilding1_Deco_IntColumn_Base.fbx using Guid(48b63d50975af354886c8c4294099cfc) Importer(815301076,1909f56bfc062723c751e8b465ee728b)  -> (artifact id: 'b0fdc02d933d06a1d8526e4ee4e24bbc') in 0.061039 seconds 
========================================================================
Received Import Request.
  Time since last request: 0.000025 seconds.
  path: Assets/Assets/Assets_Store/Flooded_Grounds/Content/Meshes/mBuildings/mIndBuilding1/IndBuilding1_Wall_Int_B.fbx
  artifactKey: Guid(991d390e4866728429f82aaea266ba63) Importer(815301076,1909f56bfc062723c751e8b465ee728b)
Start importing Assets/Assets/Assets_Store/Flooded_Grounds/Content/Meshes/mBuildings/mIndBuilding1/IndBuilding1_Wall_Int_B.fbx using Guid(991d390e4866728429f82aaea266ba63) Importer(815301076,1909f56bfc062723c751e8b465ee728b)  -> (artifact id: 'de5398fe04f0f2d25f83fd8adc03e33c') in 0.034397 seconds 
========================================================================
Received Import Request.
  Time since last request: 0.000030 seconds.
  path: Assets/Assets/Assets_Store/Flooded_Grounds/Content/Meshes/mBuildings/mIndBuilding1/IndBuilding1_Wall_Mid_A.fbx
  artifactKey: Guid(cbf13026d2f984947863c523dffb531c) Importer(815301076,1909f56bfc062723c751e8b465ee728b)
Start importing Assets/Assets/Assets_Store/Flooded_Grounds/Content/Meshes/mBuildings/mIndBuilding1/IndBuilding1_Wall_Mid_A.fbx using Guid(cbf13026d2f984947863c523dffb531c) Importer(815301076,1909f56bfc062723c751e8b465ee728b)  -> (artifact id: 'b8d832684b769ae1ef339534d173e49e') in 0.031637 seconds 
========================================================================
Received Import Request.
  Time since last request: 0.000325 seconds.
  path: Assets/Assets/Assets_Store/Flooded_Grounds/Content/Meshes/mBuildings/mIndBuilding1/IndBuilding1_Ext_A.fbx
  artifactKey: Guid(4590d15c735e05c428d47bde8276beb3) Importer(815301076,1909f56bfc062723c751e8b465ee728b)
Start importing Assets/Assets/Assets_Store/Flooded_Grounds/Content/Meshes/mBuildings/mIndBuilding1/IndBuilding1_Ext_A.fbx using Guid(4590d15c735e05c428d47bde8276beb3) Importer(815301076,1909f56bfc062723c751e8b465ee728b)  -> (artifact id: '76e158c03747efc76abdb5edc0b57395') in 0.038155 seconds 
========================================================================
Received Import Request.
  Time since last request: 154.352258 seconds.
  path: Assets/Materials
  artifactKey: Guid(848f0be3ce311cd41b4f01794e3b035f) Importer(815301076,1909f56bfc062723c751e8b465ee728b)
Start importing Assets/Materials using Guid(848f0be3ce311cd41b4f01794e3b035f) Importer(815301076,1909f56bfc062723c751e8b465ee728b)  -> (artifact id: '230c2e9a5c71ea01f3d295ebc9d5cc91') in 0.067607 seconds 
========================================================================
Received Import Request.
  Time since last request: 7.123157 seconds.
  path: Assets/Materials/stair.physicMaterial
  artifactKey: Guid(1355e51b668f3684dbab2f7054d5c53e) Importer(815301076,1909f56bfc062723c751e8b465ee728b)
Start importing Assets/Materials/stair.physicMaterial using Guid(1355e51b668f3684dbab2f7054d5c53e) Importer(815301076,1909f56bfc062723c751e8b465ee728b)  -> (artifact id: '6c6e7557f97f75d9cf8536ff77462667') in 0.024623 seconds 
========================================================================
Received Import Request.
  Time since last request: 25.786593 seconds.
  path: Assets/Materials/stair.physicMaterial
  artifactKey: Guid(1355e51b668f3684dbab2f7054d5c53e) Importer(815301076,1909f56bfc062723c751e8b465ee728b)
Start importing Assets/Materials/stair.physicMaterial using Guid(1355e51b668f3684dbab2f7054d5c53e) Importer(815301076,1909f56bfc062723c751e8b465ee728b)  -> (artifact id: 'd920d3ac5f1b2db6b9b94daef1279e6d') in 0.008709 seconds 
========================================================================
Received Prepare
Registering precompiled user dll's ...
Registered in 0.010334 seconds.
Begin MonoManager ReloadAssembly
Symbol file LoadedFromMemory doesn't match image D:\Wap\Game_\2022_2_Game_Team3\team-2\Library\PackageCache\com.unity.visualscripting@1.7.8\Editor\VisualScripting.Core\Dependencies\YamlDotNet\Unity.VisualScripting.YamlDotNet.dll
Symbol file LoadedFromMemory doesn't match image D:\Wap\Game_\2022_2_Game_Team3\team-2\Library\PackageCache\com.unity.visualscripting@1.7.8\Editor\VisualScripting.Core\Dependencies\DotNetZip\Unity.VisualScripting.IonicZip.dll
Native extension for WindowsStandalone target not found
Refreshing native plugins compatible for Editor in 0.97 ms, found 5 plugins.
Preloading 0 native plugins for Editor in 0.00 ms.
Mono: successfully reloaded assembly
- Completed reload, in  1.485 seconds
Domain Reload Profiling:
	ReloadAssembly (1486ms)
		BeginReloadAssembly (171ms)
			ExecutionOrderSort (0ms)
			DisableScriptedObjects (7ms)
			BackupInstance (0ms)
			ReleaseScriptingObjects (0ms)
			CreateAndSetChildDomain (53ms)
		EndReloadAssembly (1175ms)
			LoadAssemblies (107ms)
			RebuildTransferFunctionScriptingTraits (0ms)
			SetupTypeCache (465ms)
			ReleaseScriptCaches (2ms)
			RebuildScriptCaches (60ms)
			SetupLoadedEditorAssemblies (460ms)
				LogAssemblyErrors (0ms)
				InitializePlatformSupportModulesInManaged (19ms)
				SetLoadedEditorAssemblies (1ms)
				RefreshPlugins (1ms)
				BeforeProcessingInitializeOnLoad (83ms)
				ProcessInitializeOnLoadAttributes (309ms)
				ProcessInitializeOnLoadMethodAttributes (43ms)
				AfterProcessingInitializeOnLoad (4ms)
				EditorAssembliesLoaded (0ms)
			ExecutionOrderSort2 (0ms)
			AwakeInstancesAfterBackupRestoration (15ms)
Platform modules already initialized, skipping
Refreshing native plugins compatible for Editor in 3.41 ms, found 5 plugins.
Preloading 0 native plugins for Editor in 0.00 ms.
Unloading 3705 Unused Serialized files (Serialized files now loaded: 0)
Unloading 30 unused Assets / (1.3 MB). Loaded Objects now: 4258.
Memory consumption went from 164.1 MB to 162.8 MB.
Total: 4.152600 ms (FindLiveObjects: 0.471300 ms CreateObjectMapping: 0.427200 ms MarkObjects: 2.641700 ms  DeleteObjects: 0.611100 ms)

AssetImportParameters requested are different than current active one (requested -> active):
  custom:video-decoder-ogg-theora: a1e56fd34408186e4bbccfd4996cb3dc -> 
  custom:container-muxer-webm: aa71ff27fc2769a1b78a27578f13a17b -> 
  custom:container-demuxer-webm: 4f35f7cbe854078d1ac9338744f61a02 -> 
  custom:video-encoder-webm-vp8: eb34c28f22e8b96e1ab97ce403110664 -> 
  custom:video-codec-MediaFoundation-h265: 746d11721c4dcdbdad8f713fa42b33f4 -> 
  custom:audio-encoder-webm-vorbis: bf7c407c2cedff20999df2af8eb42d56 -> 
  custom:framework-win-MediaFoundation: 216162199b28c13a410421893ffa2e32 -> 
  custom:container-demuxer-ogg: 62fdf1f143b41e24485cea50d1cbac27 -> 
  custom:video-decoder-webm-vp8: 9c59270c3fd7afecdb556c50c9e8de78 -> 
  custom:audio-decoder-ogg-vorbis: bf7c407c2cedff20999df2af8eb42d56 -> 
========================================================================
Received Prepare
Registering precompiled user dll's ...
Registered in 0.022548 seconds.
Begin MonoManager ReloadAssembly
Symbol file LoadedFromMemory doesn't match image D:\Wap\Game_\2022_2_Game_Team3\team-2\Library\PackageCache\com.unity.visualscripting@1.7.8\Editor\VisualScripting.Core\Dependencies\YamlDotNet\Unity.VisualScripting.YamlDotNet.dll
Symbol file LoadedFromMemory doesn't match image D:\Wap\Game_\2022_2_Game_Team3\team-2\Library\PackageCache\com.unity.visualscripting@1.7.8\Editor\VisualScripting.Core\Dependencies\DotNetZip\Unity.VisualScripting.IonicZip.dll
Native extension for WindowsStandalone target not found
Refreshing native plugins compatible for Editor in 0.93 ms, found 5 plugins.
Preloading 0 native plugins for Editor in 0.00 ms.
Mono: successfully reloaded assembly
- Completed reload, in  1.424 seconds
Domain Reload Profiling:
	ReloadAssembly (1425ms)
		BeginReloadAssembly (185ms)
			ExecutionOrderSort (0ms)
			DisableScriptedObjects (7ms)
			BackupInstance (0ms)
			ReleaseScriptingObjects (0ms)
			CreateAndSetChildDomain (46ms)
		EndReloadAssembly (1057ms)
			LoadAssemblies (128ms)
			RebuildTransferFunctionScriptingTraits (0ms)
			SetupTypeCache (377ms)
			ReleaseScriptCaches (2ms)
			RebuildScriptCaches (58ms)
			SetupLoadedEditorAssemblies (453ms)
				LogAssemblyErrors (0ms)
				InitializePlatformSupportModulesInManaged (16ms)
				SetLoadedEditorAssemblies (1ms)
				RefreshPlugins (1ms)
				BeforeProcessingInitializeOnLoad (85ms)
				ProcessInitializeOnLoadAttributes (299ms)
				ProcessInitializeOnLoadMethodAttributes (47ms)
				AfterProcessingInitializeOnLoad (4ms)
				EditorAssembliesLoaded (0ms)
			ExecutionOrderSort2 (0ms)
			AwakeInstancesAfterBackupRestoration (9ms)
Platform modules already initialized, skipping
Refreshing native plugins compatible for Editor in 3.21 ms, found 5 plugins.
Preloading 0 native plugins for Editor in 0.00 ms.
Unloading 3705 Unused Serialized files (Serialized files now loaded: 0)
Unloading 30 unused Assets / (1.3 MB). Loaded Objects now: 4261.
Memory consumption went from 164.2 MB to 162.8 MB.
Total: 4.606200 ms (FindLiveObjects: 0.370700 ms CreateObjectMapping: 0.314200 ms MarkObjects: 3.128600 ms  DeleteObjects: 0.791200 ms)

AssetImportParameters requested are different than current active one (requested -> active):
  custom:video-decoder-ogg-theora: a1e56fd34408186e4bbccfd4996cb3dc -> 
  custom:container-muxer-webm: aa71ff27fc2769a1b78a27578f13a17b -> 
  custom:container-demuxer-webm: 4f35f7cbe854078d1ac9338744f61a02 -> 
  custom:video-encoder-webm-vp8: eb34c28f22e8b96e1ab97ce403110664 -> 
  custom:video-codec-MediaFoundation-h265: 746d11721c4dcdbdad8f713fa42b33f4 -> 
  custom:audio-encoder-webm-vorbis: bf7c407c2cedff20999df2af8eb42d56 -> 
  custom:framework-win-MediaFoundation: 216162199b28c13a410421893ffa2e32 -> 
  custom:container-demuxer-ogg: 62fdf1f143b41e24485cea50d1cbac27 -> 
  custom:video-decoder-webm-vp8: 9c59270c3fd7afecdb556c50c9e8de78 -> 
  custom:audio-decoder-ogg-vorbis: bf7c407c2cedff20999df2af8eb42d56 -> 
========================================================================
Received Import Request.
  Time since last request: 188.369341 seconds.
  path: Assets/Materials/stair.physicMaterial
  artifactKey: Guid(1355e51b668f3684dbab2f7054d5c53e) Importer(815301076,1909f56bfc062723c751e8b465ee728b)
Start importing Assets/Materials/stair.physicMaterial using Guid(1355e51b668f3684dbab2f7054d5c53e) Importer(815301076,1909f56bfc062723c751e8b465ee728b)  -> (artifact id: '491a7c323e109aa1c69208698a756f32') in 0.057530 seconds 
========================================================================
Received Import Request.
  Time since last request: 201.439673 seconds.
  path: Assets/Materials/stair.physicMaterial
  artifactKey: Guid(1355e51b668f3684dbab2f7054d5c53e) Importer(815301076,1909f56bfc062723c751e8b465ee728b)
Start importing Assets/Materials/stair.physicMaterial using Guid(1355e51b668f3684dbab2f7054d5c53e) Importer(815301076,1909f56bfc062723c751e8b465ee728b)  -> (artifact id: 'c94750c619b09d6ab755033022abe5f8') in 0.010466 seconds 
========================================================================
Received Prepare
Registering precompiled user dll's ...
Registered in 0.013109 seconds.
Begin MonoManager ReloadAssembly
Symbol file LoadedFromMemory doesn't match image D:\Wap\Game_\2022_2_Game_Team3\team-2\Library\PackageCache\com.unity.visualscripting@1.7.8\Editor\VisualScripting.Core\Dependencies\YamlDotNet\Unity.VisualScripting.YamlDotNet.dll
Symbol file LoadedFromMemory doesn't match image D:\Wap\Game_\2022_2_Game_Team3\team-2\Library\PackageCache\com.unity.visualscripting@1.7.8\Editor\VisualScripting.Core\Dependencies\DotNetZip\Unity.VisualScripting.IonicZip.dll
Native extension for WindowsStandalone target not found
Refreshing native plugins compatible for Editor in 0.93 ms, found 5 plugins.
Preloading 0 native plugins for Editor in 0.00 ms.
Mono: successfully reloaded assembly
- Completed reload, in  1.955 seconds
Domain Reload Profiling:
	ReloadAssembly (1956ms)
		BeginReloadAssembly (189ms)
			ExecutionOrderSort (0ms)
			DisableScriptedObjects (14ms)
			BackupInstance (0ms)
			ReleaseScriptingObjects (0ms)
			CreateAndSetChildDomain (53ms)
		EndReloadAssembly (1623ms)
			LoadAssemblies (109ms)
			RebuildTransferFunctionScriptingTraits (0ms)
			SetupTypeCache (540ms)
			ReleaseScriptCaches (3ms)
			RebuildScriptCaches (116ms)
			SetupLoadedEditorAssemblies (685ms)
				LogAssemblyErrors (0ms)
				InitializePlatformSupportModulesInManaged (25ms)
				SetLoadedEditorAssemblies (1ms)
				RefreshPlugins (1ms)
				BeforeProcessingInitializeOnLoad (143ms)
				ProcessInitializeOnLoadAttributes (450ms)
				ProcessInitializeOnLoadMethodAttributes (57ms)
				AfterProcessingInitializeOnLoad (6ms)
				EditorAssembliesLoaded (1ms)
			ExecutionOrderSort2 (0ms)
			AwakeInstancesAfterBackupRestoration (13ms)
Platform modules already initialized, skipping
Refreshing native plugins compatible for Editor in 10.73 ms, found 5 plugins.
Preloading 0 native plugins for Editor in 0.00 ms.
Unloading 3705 Unused Serialized files (Serialized files now loaded: 0)
Unloading 30 unused Assets / (1.3 MB). Loaded Objects now: 4264.
Memory consumption went from 164.2 MB to 162.9 MB.
Total: 7.238900 ms (FindLiveObjects: 0.547900 ms CreateObjectMapping: 2.224900 ms MarkObjects: 3.742700 ms  DeleteObjects: 0.722000 ms)

AssetImportParameters requested are different than current active one (requested -> active):
  custom:video-decoder-ogg-theora: a1e56fd34408186e4bbccfd4996cb3dc -> 
  custom:container-muxer-webm: aa71ff27fc2769a1b78a27578f13a17b -> 
  custom:container-demuxer-webm: 4f35f7cbe854078d1ac9338744f61a02 -> 
  custom:video-encoder-webm-vp8: eb34c28f22e8b96e1ab97ce403110664 -> 
  custom:video-codec-MediaFoundation-h265: 746d11721c4dcdbdad8f713fa42b33f4 -> 
  custom:audio-encoder-webm-vorbis: bf7c407c2cedff20999df2af8eb42d56 -> 
  custom:framework-win-MediaFoundation: 216162199b28c13a410421893ffa2e32 -> 
  custom:container-demuxer-ogg: 62fdf1f143b41e24485cea50d1cbac27 -> 
  custom:video-decoder-webm-vp8: 9c59270c3fd7afecdb556c50c9e8de78 -> 
  custom:audio-decoder-ogg-vorbis: bf7c407c2cedff20999df2af8eb42d56 -> 
========================================================================
Received Prepare
Registering precompiled user dll's ...
Registered in 0.008882 seconds.
Begin MonoManager ReloadAssembly
Symbol file LoadedFromMemory doesn't match image D:\Wap\Game_\2022_2_Game_Team3\team-2\Library\PackageCache\com.unity.visualscripting@1.7.8\Editor\VisualScripting.Core\Dependencies\YamlDotNet\Unity.VisualScripting.YamlDotNet.dll
Symbol file LoadedFromMemory doesn't match image D:\Wap\Game_\2022_2_Game_Team3\team-2\Library\PackageCache\com.unity.visualscripting@1.7.8\Editor\VisualScripting.Core\Dependencies\DotNetZip\Unity.VisualScripting.IonicZip.dll
Native extension for WindowsStandalone target not found
Refreshing native plugins compatible for Editor in 0.95 ms, found 5 plugins.
Preloading 0 native plugins for Editor in 0.00 ms.
Mono: successfully reloaded assembly
- Completed reload, in  1.455 seconds
Domain Reload Profiling:
	ReloadAssembly (1456ms)
		BeginReloadAssembly (202ms)
			ExecutionOrderSort (0ms)
			DisableScriptedObjects (20ms)
			BackupInstance (0ms)
			ReleaseScriptingObjects (0ms)
			CreateAndSetChildDomain (48ms)
		EndReloadAssembly (1116ms)
			LoadAssemblies (113ms)
			RebuildTransferFunctionScriptingTraits (0ms)
			SetupTypeCache (372ms)
			ReleaseScriptCaches (2ms)
			RebuildScriptCaches (66ms)
			SetupLoadedEditorAssemblies (518ms)
				LogAssemblyErrors (0ms)
				InitializePlatformSupportModulesInManaged (16ms)
				SetLoadedEditorAssemblies (1ms)
				RefreshPlugins (1ms)
				BeforeProcessingInitializeOnLoad (84ms)
				ProcessInitializeOnLoadAttributes (372ms)
				ProcessInitializeOnLoadMethodAttributes (39ms)
				AfterProcessingInitializeOnLoad (4ms)
				EditorAssembliesLoaded (0ms)
			ExecutionOrderSort2 (0ms)
			AwakeInstancesAfterBackupRestoration (9ms)
Platform modules already initialized, skipping
Refreshing native plugins compatible for Editor in 7.08 ms, found 5 plugins.
Preloading 0 native plugins for Editor in 0.00 ms.
Unloading 3705 Unused Serialized files (Serialized files now loaded: 0)
Unloading 30 unused Assets / (1.3 MB). Loaded Objects now: 4267.
Memory consumption went from 164.2 MB to 162.9 MB.
Total: 4.837800 ms (FindLiveObjects: 0.540400 ms CreateObjectMapping: 0.373500 ms MarkObjects: 3.141200 ms  DeleteObjects: 0.781200 ms)

AssetImportParameters requested are different than current active one (requested -> active):
  custom:video-decoder-ogg-theora: a1e56fd34408186e4bbccfd4996cb3dc -> 
  custom:container-muxer-webm: aa71ff27fc2769a1b78a27578f13a17b -> 
  custom:container-demuxer-webm: 4f35f7cbe854078d1ac9338744f61a02 -> 
  custom:video-encoder-webm-vp8: eb34c28f22e8b96e1ab97ce403110664 -> 
  custom:video-codec-MediaFoundation-h265: 746d11721c4dcdbdad8f713fa42b33f4 -> 
  custom:audio-encoder-webm-vorbis: bf7c407c2cedff20999df2af8eb42d56 -> 
  custom:framework-win-MediaFoundation: 216162199b28c13a410421893ffa2e32 -> 
  custom:container-demuxer-ogg: 62fdf1f143b41e24485cea50d1cbac27 -> 
  custom:video-decoder-webm-vp8: 9c59270c3fd7afecdb556c50c9e8de78 -> 
  custom:audio-decoder-ogg-vorbis: bf7c407c2cedff20999df2af8eb42d56 -> 
